<?xml version="1.0" encoding="UTF-8"?>
<!-- Generated by org.testng.reporters.JUnitReportReporter -->
<testsuite hostname="Aatish" failures="0" tests="1" name="TestCases.AllTestCases" time="5.858" errors="0" timestamp="2024-09-21T16:25:10 IST" skipped="0">
  <testcase classname="TestCases.AllTestCases" name="signUp" time="5.858"/>
  <system-out/>
</testsuite> <!-- TestCases.AllTestCases -->
